{
  "RSpec": {
    "coverage": {
      "/Users/jonathanmeneses/Documents/Development/side_projects/simple_workout_tracking/app/channels/application_cable/connection.rb": {
        "lines": [
          0,
          0,
          0,
          null,
          0,
          0,
          0,
          null,
          0,
          0,
          0,
          0,
          0,
          0,
          0,
          0
        ],
        "branches": {}
      },
      "/Users/jonathanmeneses/Documents/Development/side_projects/simple_workout_tracking/app/controllers/application_controller.rb": {
        "lines": [
          0,
          0,
          null,
          0,
          0
        ],
        "branches": {}
      },
      "/Users/jonathanmeneses/Documents/Development/side_projects/simple_workout_tracking/app/controllers/concerns/authentication.rb": {
        "lines": [
          0,
          0,
          null,
          0,
          0,
          0,
          0,
          null,
          0,
          0,
          0,
          0,
          0,
          null,
          0,
          0,
          0,
          0,
          null,
          0,
          0,
          0,
          null,
          0,
          0,
          0,
          null,
          0,
          0,
          0,
          null,
          0,
          0,
          0,
          null,
          0,
          0,
          0,
          null,
          0,
          0,
          0,
          0,
          null,
          0,
          0,
          0,
          null,
          0,
          0,
          0,
          0,
          0,
          0,
          null,
          0,
          0,
          0,
          0,
          0
        ],
        "branches": {}
      },
      "/Users/jonathanmeneses/Documents/Development/side_projects/simple_workout_tracking/app/controllers/passwords_controller.rb": {
        "lines": [
          0,
          0,
          0,
          null,
          0,
          0,
          null,
          0,
          0,
          0,
          0,
          null,
          0,
          0,
          null,
          0,
          0,
          null,
          0,
          0,
          0,
          0,
          0,
          0,
          0,
          null,
          0,
          0,
          0,
          0,
          0,
          0,
          0
        ],
        "branches": {}
      },
      "/Users/jonathanmeneses/Documents/Development/side_projects/simple_workout_tracking/app/controllers/programs_controller.rb": {
        "lines": [
          0,
          0,
          0,
          0
        ],
        "branches": {}
      },
      "/Users/jonathanmeneses/Documents/Development/side_projects/simple_workout_tracking/app/controllers/sessions_controller.rb": {
        "lines": [
          0,
          0,
          0,
          null,
          0,
          0,
          null,
          0,
          0,
          0,
          0,
          0,
          0,
          0,
          0,
          null,
          0,
          0,
          0,
          0,
          0
        ],
        "branches": {}
      },
      "/Users/jonathanmeneses/Documents/Development/side_projects/simple_workout_tracking/app/controllers/users_controller.rb": {
        "lines": [
          0,
          0,
          null,
          0,
          0,
          0,
          null,
          0,
          0,
          0,
          0,
          0,
          0,
          0,
          0,
          null,
          0,
          0,
          0,
          0,
          0
        ],
        "branches": {}
      },
      "/Users/jonathanmeneses/Documents/Development/side_projects/simple_workout_tracking/app/controllers/welcome_controller.rb": {
        "lines": [
          0,
          0,
          0,
          0
        ],
        "branches": {}
      },
      "/Users/jonathanmeneses/Documents/Development/side_projects/simple_workout_tracking/app/helpers/application_helper.rb": {
        "lines": [
          0,
          0
        ],
        "branches": {}
      },
      "/Users/jonathanmeneses/Documents/Development/side_projects/simple_workout_tracking/app/helpers/programs_helper.rb": {
        "lines": [
          0,
          0
        ],
        "branches": {}
      },
      "/Users/jonathanmeneses/Documents/Development/side_projects/simple_workout_tracking/app/helpers/welcome_helper.rb": {
        "lines": [
          0,
          0
        ],
        "branches": {}
      },
      "/Users/jonathanmeneses/Documents/Development/side_projects/simple_workout_tracking/app/jobs/application_job.rb": {
        "lines": [
          0,
          null,
          null,
          null,
          null,
          null,
          0
        ],
        "branches": {}
      },
      "/Users/jonathanmeneses/Documents/Development/side_projects/simple_workout_tracking/app/mailers/application_mailer.rb": {
        "lines": [
          0,
          0,
          0,
          0
        ],
        "branches": {}
      },
      "/Users/jonathanmeneses/Documents/Development/side_projects/simple_workout_tracking/app/mailers/passwords_mailer.rb": {
        "lines": [
          0,
          0,
          0,
          0,
          0,
          0
        ],
        "branches": {}
      },
      "/Users/jonathanmeneses/Documents/Development/side_projects/simple_workout_tracking/app/models/application_record.rb": {
        "lines": [
          0,
          0,
          0
        ],
        "branches": {}
      },
      "/Users/jonathanmeneses/Documents/Development/side_projects/simple_workout_tracking/app/models/current.rb": {
        "lines": [
          0,
          0,
          0,
          0
        ],
        "branches": {}
      },
      "/Users/jonathanmeneses/Documents/Development/side_projects/simple_workout_tracking/app/models/equipment.rb": {
        "lines": [
          0,
          0,
          0
        ],
        "branches": {}
      },
      "/Users/jonathanmeneses/Documents/Development/side_projects/simple_workout_tracking/app/models/exercise.rb": {
        "lines": [
          0,
          0,
          0,
          0
        ],
        "branches": {}
      },
      "/Users/jonathanmeneses/Documents/Development/side_projects/simple_workout_tracking/app/models/movement_pattern.rb": {
        "lines": [
          0,
          0,
          0
        ],
        "branches": {}
      },
      "/Users/jonathanmeneses/Documents/Development/side_projects/simple_workout_tracking/app/models/session.rb": {
        "lines": [
          0,
          0,
          0
        ],
        "branches": {}
      },
      "/Users/jonathanmeneses/Documents/Development/side_projects/simple_workout_tracking/app/models/user.rb": {
        "lines": [
          0,
          0,
          0,
          null,
          0,
          0,
          0
        ],
        "branches": {}
      },
      "/Users/jonathanmeneses/Documents/Development/side_projects/simple_workout_tracking/app/models/workout_cycle.rb": {
        "lines": [
          0,
          0,
          0,
          0
        ],
        "branches": {}
      },
      "/Users/jonathanmeneses/Documents/Development/side_projects/simple_workout_tracking/app/models/workout_exercise.rb": {
        "lines": [
          0,
          0,
          0,
          0
        ],
        "branches": {}
      },
      "/Users/jonathanmeneses/Documents/Development/side_projects/simple_workout_tracking/app/models/workout_program.rb": {
        "lines": [
          0,
          0,
          0
        ],
        "branches": {}
      },
      "/Users/jonathanmeneses/Documents/Development/side_projects/simple_workout_tracking/app/models/workout_session.rb": {
        "lines": [
          0,
          0,
          0
        ],
        "branches": {}
      }
    },
    "timestamp": 1748820581
  }
}
